<?xml version="1.0" encoding="UTF-8"?>
<!-- Generated by org.testng.reporters.JUnitXMLReporter -->
<testsuite hostname="CDC2-D-CH0TXJ2" ignored="2" name="groups" tests="6" failures="0" timestamp="2020-01-21T11:44:50 IST" time="68.815" errors="0">
  <testcase name="google" time="0.011" classname="Training.TestSeven"/>
  <testcase name="testing" time="6.929" classname="Training.TestFive"/>
  <testcase name="testing" time="4.707" classname="Training.TestFive"/>
  <testcase name="creditcard" time="68.749" classname="Training.TestOne"/>
  <testcase name="testing" time="22.153" classname="Training.TestFive"/>
  <testcase name="testing" time="6.187" classname="Training.TestFive"/>
  <testcase name="citi" time="0.0" classname="Training.TestSeven">
    <ignored/>
  </testcase> <!-- citi -->
  <testcase name="hdfc" time="0.0" classname="Training.TestSeven">
    <ignored/>
  </testcase> <!-- hdfc -->
</testsuite> <!-- groups -->
