<?xml version="1.0" encoding="UTF-8"?>
<!-- Generated by org.testng.reporters.JUnitXMLReporter -->
<testsuite hostname="CDC2-D-CH0TXJ2" ignored="0" name="Test" tests="12" failures="0" timestamp="2020-01-21T13:09:32 IST" time="0.362" errors="0">
  <testcase name="onFinishTest" time="0.006" classname="Training.ListenerTest"/>
  <testcase name="onStartTest" time="0.001" classname="Training.ListenerTest"/>
  <testcase name="onTestFailedButWithinSuccessPercentageTest" time="0.001" classname="Training.ListenerTest"/>
  <testcase name="onTestFailedWithTimeoutTest" time="0.001" classname="Training.ListenerTest"/>
  <testcase name="onTestFailureTest" time="0.001" classname="Training.ListenerTest"/>
  <testcase name="onTestSkippedTest" time="0.005" classname="Training.ListenerTest"/>
  <testcase name="onTestStartTest" time="0.006" classname="Training.ListenerTest"/>
  <testcase name="onTestSuccessTest" time="0.009" classname="Training.ListenerTest"/>
  <testcase name="test1" time="0.003" classname="Training.TestEight"/>
  <testcase name="test2" time="0.002" classname="Training.TestEight"/>
  <testcase name="test3" time="0.002" classname="Training.TestEight"/>
  <testcase name="test4" time="0.002" classname="Training.TestEight"/>
</testsuite> <!-- Test -->
